appMap/app/build/intermediates/manifest_merge_blame_file/debug/manifest-merger-blame-debug-report.txt
1<?xml version="1.0" encoding="utf-8"?>
2<manifest xmlns:android="http://schemas.android.com/apk/res/android"
3    package="com.example.map"
4    android:versionCode="1"
5    android:versionName="1.0" >
6
7    <uses-sdk
8        android:minSdkVersion="19"
9        android:targetSdkVersion="34" />
10
11    <uses-permission android:name="android.permission.ACCESS_FINE_LOCATION" />
11-->src\main\AndroidManifest.xml:5:5-79
11-->src\main\AndroidManifest.xml:5:22-76
12    <uses-permission android:name="android.permission.INTERNET" />
12-->src\main\AndroidManifest.xml:6:5-67
12-->src\main\AndroidManifest.xml:6:22-64
13    <uses-permission android:name="android.permission.READ_PHONE_STATE" />
13-->src\main\AndroidManifest.xml:7:5-75
13-->src\main\AndroidManifest.xml:7:22-72
14    <uses-permission android:name="android.permission.ACCESS_COARSE_LOCATION" />
14-->src\main\AndroidManifest.xml:8:5-81
14-->src\main\AndroidManifest.xml:8:22-78
15
16    <!-- Include required permissions for Google Maps API to run. -->
17    <uses-permission android:name="android.permission.ACCESS_NETWORK_STATE" />
17-->[com.google.android.gms:play-services-maps:17.0.0] AndroidManifest.xml:23:5-79
17-->[com.google.android.gms:play-services-maps:17.0.0] AndroidManifest.xml:23:22-76
18
19    <uses-feature
19-->[com.google.android.gms:play-services-maps:17.0.0] AndroidManifest.xml:26:5-28:35
20        android:glEsVersion="0x00020000"
20-->[com.google.android.gms:play-services-maps:17.0.0] AndroidManifest.xml:27:9-41
21        android:required="true" />
21-->[com.google.android.gms:play-services-maps:17.0.0] AndroidManifest.xml:28:9-32
22
23    <permission
23-->[androidx.core:core:1.9.0] AndroidManifest.xml:22:5-24:47
24        android:name="com.example.map.DYNAMIC_RECEIVER_NOT_EXPORTED_PERMISSION"
24-->[androidx.core:core:1.9.0] AndroidManifest.xml:23:9-81
25        android:protectionLevel="signature" />
25-->[androidx.core:core:1.9.0] AndroidManifest.xml:24:9-44
26
27    <uses-permission android:name="com.example.map.DYNAMIC_RECEIVER_NOT_EXPORTED_PERMISSION" />
27-->[androidx.core:core:1.9.0] AndroidManifest.xml:26:5-97
27-->[androidx.core:core:1.9.0] AndroidManifest.xml:26:22-94
28
29    <application
29-->src\main\AndroidManifest.xml:10:5-50:19
30        android:allowBackup="true"
30-->src\main\AndroidManifest.xml:11:9-35
31        android:appComponentFactory="androidx.core.app.CoreComponentFactory"
31-->[androidx.core:core:1.9.0] AndroidManifest.xml:28:18-86
32        android:dataExtractionRules="@xml/data_extraction_rules"
32-->src\main\AndroidManifest.xml:12:9-65
33        android:debuggable="true"
34        android:extractNativeLibs="true"
35        android:fullBackupContent="@xml/backup_rules"
35-->src\main\AndroidManifest.xml:13:9-54
36        android:icon="@mipmap/ic_launcher"
36-->src\main\AndroidManifest.xml:14:9-43
37        android:label="@string/app_name"
37-->src\main\AndroidManifest.xml:15:9-41
38        android:roundIcon="@mipmap/ic_launcher_round"
38-->src\main\AndroidManifest.xml:16:9-54
39        android:supportsRtl="true"
39-->src\main\AndroidManifest.xml:17:9-35
40        android:testOnly="true"
41        android:theme="@style/Theme.MAp" >
41-->src\main\AndroidManifest.xml:18:9-41
42
43        <!--
44             TODO: Before you run your application, you need a Google Maps API key.
45
46             To get one, follow the directions here:
47
48                https://developers.google.com/maps/documentation/android-sdk/get-api-key
49
50             Once you have your API key (it starts with "AIza"), define a new property in your
51             project's local.properties file (e.g. MAPS_API_KEY=Aiza...), and replace the
52             "YOUR_API_KEY" string in this file with "${MAPS_API_KEY}".
53        -->
54        <meta-data
54-->src\main\AndroidManifest.xml:32:9-34:43
55            android:name="com.google.android.geo.API_KEY"
55-->src\main\AndroidManifest.xml:33:13-58
56            android:value="@string/api" />
56-->src\main\AndroidManifest.xml:34:13-40
57
58        <activity
58-->src\main\AndroidManifest.xml:37:9-40:59
59            android:name="com.example.map.MapsActivity"
59-->src\main\AndroidManifest.xml:38:13-41
60            android:exported="false"
60-->src\main\AndroidManifest.xml:39:13-37
61            android:label="@string/title_activity_maps" />
61-->src\main\AndroidManifest.xml:40:13-56
62        <activity
62-->src\main\AndroidManifest.xml:41:9-49:20
63            android:name="com.example.map.MainActivity"
63-->src\main\AndroidManifest.xml:42:13-41
64            android:exported="true" >
64-->src\main\AndroidManifest.xml:43:13-36
65            <intent-filter>
65-->src\main\AndroidManifest.xml:44:13-48:29
66                <action android:name="android.intent.action.MAIN" />
66-->src\main\AndroidManifest.xml:45:17-69
66-->src\main\AndroidManifest.xml:45:25-66
67
68                <category android:name="android.intent.category.LAUNCHER" />
68-->src\main\AndroidManifest.xml:47:17-77
68-->src\main\AndroidManifest.xml:47:27-74
69            </intent-filter>
70        </activity>
71        <!-- Needs to be explicitly declared on P+ -->
72        <uses-library
72-->[com.google.android.gms:play-services-maps:17.0.0] AndroidManifest.xml:33:9-35:40
73            android:name="org.apache.http.legacy"
73-->[com.google.android.gms:play-services-maps:17.0.0] AndroidManifest.xml:34:13-50
74            android:required="false" />
74-->[com.google.android.gms:play-services-maps:17.0.0] AndroidManifest.xml:35:13-37
75
76        <provider
76-->[androidx.emoji2:emoji2:1.2.0] AndroidManifest.xml:24:9-32:20
77            android:name="androidx.startup.InitializationProvider"
77-->[androidx.emoji2:emoji2:1.2.0] AndroidManifest.xml:25:13-67
78            android:authorities="com.example.map.androidx-startup"
78-->[androidx.emoji2:emoji2:1.2.0] AndroidManifest.xml:26:13-68
79            android:exported="false" >
79-->[androidx.emoji2:emoji2:1.2.0] AndroidManifest.xml:27:13-37
80            <meta-data
80-->[androidx.emoji2:emoji2:1.2.0] AndroidManifest.xml:29:13-31:52
81                android:name="androidx.emoji2.text.EmojiCompatInitializer"
81-->[androidx.emoji2:emoji2:1.2.0] AndroidManifest.xml:30:17-75
82                android:value="androidx.startup" />
82-->[androidx.emoji2:emoji2:1.2.0] AndroidManifest.xml:31:17-49
83            <meta-data
83-->[androidx.lifecycle:lifecycle-process:2.6.1] AndroidManifest.xml:29:13-31:52
84                android:name="androidx.lifecycle.ProcessLifecycleInitializer"
84-->[androidx.lifecycle:lifecycle-process:2.6.1] AndroidManifest.xml:30:17-78
85                android:value="androidx.startup" />
85-->[androidx.lifecycle:lifecycle-process:2.6.1] AndroidManifest.xml:31:17-49
86            <meta-data
86-->[androidx.profileinstaller:profileinstaller:1.3.0] AndroidManifest.xml:29:13-31:52
87                android:name="androidx.profileinstaller.ProfileInstallerInitializer"
87-->[androidx.profileinstaller:profileinstaller:1.3.0] AndroidManifest.xml:30:17-85
88                android:value="androidx.startup" />
88-->[androidx.profileinstaller:profileinstaller:1.3.0] AndroidManifest.xml:31:17-49
89        </provider>
90
91        <activity
91-->[com.google.android.gms:play-services-base:17.0.0] AndroidManifest.xml:23:9-26:75
92            android:name="com.google.android.gms.common.api.GoogleApiActivity"
92-->[com.google.android.gms:play-services-base:17.0.0] AndroidManifest.xml:24:13-79
93            android:exported="false"
93-->[com.google.android.gms:play-services-base:17.0.0] AndroidManifest.xml:25:13-37
94            android:theme="@android:style/Theme.Translucent.NoTitleBar" />
94-->[com.google.android.gms:play-services-base:17.0.0] AndroidManifest.xml:26:13-72
95
96        <meta-data
96-->[com.google.android.gms:play-services-basement:17.0.0] AndroidManifest.xml:23:9-25:69
97            android:name="com.google.android.gms.version"
97-->[com.google.android.gms:play-services-basement:17.0.0] AndroidManifest.xml:24:13-58
98            android:value="@integer/google_play_services_version" />
98-->[com.google.android.gms:play-services-basement:17.0.0] AndroidManifest.xml:25:13-66
99
100        <receiver
100-->[androidx.profileinstaller:profileinstaller:1.3.0] AndroidManifest.xml:34:9-52:20
101            android:name="androidx.profileinstaller.ProfileInstallReceiver"
101-->[androidx.profileinstaller:profileinstaller:1.3.0] AndroidManifest.xml:35:13-76
102            android:directBootAware="false"
102-->[androidx.profileinstaller:profileinstaller:1.3.0] AndroidManifest.xml:36:13-44
103            android:enabled="true"
103-->[androidx.profileinstaller:profileinstaller:1.3.0] AndroidManifest.xml:37:13-35
104            android:exported="true"
104-->[androidx.profileinstaller:profileinstaller:1.3.0] AndroidManifest.xml:38:13-36
105            android:permission="android.permission.DUMP" >
105-->[androidx.profileinstaller:profileinstaller:1.3.0] AndroidManifest.xml:39:13-57
106            <intent-filter>
106-->[androidx.profileinstaller:profileinstaller:1.3.0] AndroidManifest.xml:40:13-42:29
107                <action android:name="androidx.profileinstaller.action.INSTALL_PROFILE" />
107-->[androidx.profileinstaller:profileinstaller:1.3.0] AndroidManifest.xml:41:17-91
107-->[androidx.profileinstaller:profileinstaller:1.3.0] AndroidManifest.xml:41:25-88
108            </intent-filter>
109            <intent-filter>
109-->[androidx.profileinstaller:profileinstaller:1.3.0] AndroidManifest.xml:43:13-45:29
110                <action android:name="androidx.profileinstaller.action.SKIP_FILE" />
110-->[androidx.profileinstaller:profileinstaller:1.3.0] AndroidManifest.xml:44:17-85
110-->[androidx.profileinstaller:profileinstaller:1.3.0] AndroidManifest.xml:44:25-82
111            </intent-filter>
112            <intent-filter>
112-->[androidx.profileinstaller:profileinstaller:1.3.0] AndroidManifest.xml:46:13-48:29
113                <action android:name="androidx.profileinstaller.action.SAVE_PROFILE" />
113-->[androidx.profileinstaller:profileinstaller:1.3.0] AndroidManifest.xml:47:17-88
113-->[androidx.profileinstaller:profileinstaller:1.3.0] AndroidManifest.xml:47:25-85
114            </intent-filter>
115            <intent-filter>
115-->[androidx.profileinstaller:profileinstaller:1.3.0] AndroidManifest.xml:49:13-51:29
116                <action android:name="androidx.profileinstaller.action.BENCHMARK_OPERATION" />
116-->[androidx.profileinstaller:profileinstaller:1.3.0] AndroidManifest.xml:50:17-95
116-->[androidx.profileinstaller:profileinstaller:1.3.0] AndroidManifest.xml:50:25-92
117            </intent-filter>
118        </receiver>
119    </application>
120
121</manifest>